==6810== Memcheck, a memory error detector
==6810== Copyright (C) 2002-2015, and GNU GPL'd, by Julian Seward et al.
==6810== Using Valgrind-3.11.0 and LibVEX; rerun with -h for copyright info
==6810== Command: ./assembler
==6810== Parent PID: 6809
==6810== 
==6810== 
==6810== HEAP SUMMARY:
==6810==     in use at exit: 18,944 bytes in 1 blocks
==6810==   total heap usage: 4 allocs, 3 frees, 20,074 bytes allocated
==6810== 
==6810== 18,944 bytes in 1 blocks are still reachable in loss record 1 of 1
==6810==    at 0x402D17C: malloc (in /usr/lib/valgrind/vgpreload_memcheck-x86-linux.so)
==6810==    by 0x43115BA: ??? (in /usr/lib/i386-linux-gnu/libstdc++.so.6.0.21)
==6810==    by 0x400F364: call_init.part.0 (dl-init.c:72)
==6810==    by 0x400F48D: call_init (dl-init.c:30)
==6810==    by 0x400F48D: _dl_init (dl-init.c:120)
==6810==    by 0x4000AFE: ??? (in /lib/i386-linux-gnu/ld-2.23.so)
==6810== 
==6810== LEAK SUMMARY:
==6810==    definitely lost: 0 bytes in 0 blocks
==6810==    indirectly lost: 0 bytes in 0 blocks
==6810==      possibly lost: 0 bytes in 0 blocks
==6810==    still reachable: 18,944 bytes in 1 blocks
==6810==         suppressed: 0 bytes in 0 blocks
==6810== 
==6810== For counts of detected and suppressed errors, rerun with: -v
==6810== ERROR SUMMARY: 0 errors from 0 contexts (suppressed: 0 from 0)
